<?xml version="1.0" encoding="UTF-8"?>
<testng-results ignored="0" total="1" passed="1" failed="0" skipped="0">
  <reporter-output>
  </reporter-output>
  <suite started-at="2020-10-03T11:23:09 EDT" name="Suite" finished-at="2020-10-03T11:23:09 EDT" duration-ms="40">
    <groups>
    </groups>
    <test started-at="2020-10-03T11:23:09 EDT" name="Test" finished-at="2020-10-03T11:23:09 EDT" duration-ms="40">
      <class name="MavenDemoo">
        <test-method signature="display()[pri:0, instance:MavenDemoo@17a7f733]" started-at="2020-10-03T11:23:09 EDT" name="display" finished-at="2020-10-03T11:23:09 EDT" duration-ms="7" status="PASS">
          <reporter-output>
          </reporter-output>
        </test-method> <!-- display -->
      </class> <!-- MavenDemoo -->
    </test> <!-- Test -->
  </suite> <!-- Suite -->
</testng-results>
